[debug] [2024-12-29T17:10:20.263Z] ----------------------------------------------------------------------
[debug] [2024-12-29T17:10:20.279Z] Command:       C:\Program Files\nodejs\node.exe C:\Users\yahikou\AppData\Roaming\npm\node_modules\firebase-tools\lib\bin\firebase.js init
[debug] [2024-12-29T17:10:20.282Z] CLI Version:   13.29.1
[debug] [2024-12-29T17:10:20.283Z] Platform:      win32
[debug] [2024-12-29T17:10:20.283Z] Node Version:  v22.6.0
[debug] [2024-12-29T17:10:20.284Z] Time:          Sun Dec 29 2024 18:10:20 GMT+0100 (heure normale d’Europe centrale)
[debug] [2024-12-29T17:10:20.285Z] ----------------------------------------------------------------------
[debug] 
[debug] [2024-12-29T17:10:20.320Z] > command requires scopes: ["email","openid","https://www.googleapis.com/auth/cloudplatformprojects.readonly","https://www.googleapis.com/auth/firebase","https://www.googleapis.com/auth/cloud-platform"]
[debug] [2024-12-29T17:10:20.322Z] > authorizing via signed-in user (moetasim44@gmail.com)
[info] 
     ######## #### ########  ######## ########     ###     ######  ########
     ##        ##  ##     ## ##       ##     ##  ##   ##  ##       ##
     ######    ##  ########  ######   ########  #########  ######  ######
     ##        ##  ##    ##  ##       ##     ## ##     ##       ## ##
     ##       #### ##     ## ######## ########  ##     ##  ######  ########

You're about to initialize a Firebase project in this directory:

  C:\Users\yahikou\Desktop\Nouveau dossier (15)

[info] 
=== Project Setup
[info] 
[info] First, let's associate this project directory with a Firebase project.
[info] You can create multiple project aliases by running firebase use --add, 
[info] but for now we'll just set up a default project.
[info] 
[info] i  If you want to create a project in a Google Cloud organization or folder, please use "firebase projects:create" instead, and return to this command when you've created the project. 
[debug] [2024-12-29T17:13:40.050Z] Checked if tokens are valid: true, expires at: 1735495721248
[debug] [2024-12-29T17:13:40.051Z] Checked if tokens are valid: true, expires at: 1735495721248
[debug] [2024-12-29T17:13:40.055Z] >>> [apiv2][query] POST https://cloudresourcemanager.googleapis.com/v1/projects [none]
[debug] [2024-12-29T17:13:40.055Z] >>> [apiv2][body] POST https://cloudresourcemanager.googleapis.com/v1/projects {"projectId":"analyse notes","name":"analyse"}
[debug] [2024-12-29T17:13:45.338Z] <<< [apiv2][status] POST https://cloudresourcemanager.googleapis.com/v1/projects 400
[debug] [2024-12-29T17:13:45.338Z] <<< [apiv2][body] POST https://cloudresourcemanager.googleapis.com/v1/projects {"error":{"code":400,"message":"field [project_id] has issue [project_id contains invalid characters]","status":"INVALID_ARGUMENT","details":[{"@type":"type.googleapis.com/google.rpc.BadRequest","fieldViolations":[{"field":"project_id","description":"project_id contains invalid characters"}]},{"@type":"type.googleapis.com/google.rpc.Help","links":[{"url":"https://cloud.google.com/resource-manager/reference/rest/v1/projects"}]}]}}
[debug] [2024-12-29T17:13:48.737Z] FirebaseError: Request to https://cloudresourcemanager.googleapis.com/v1/projects had HTTP Error: 400, field [project_id] has issue [project_id contains invalid characters]
    at responseToError (C:\Users\yahikou\AppData\Roaming\npm\node_modules\firebase-tools\lib\responseToError.js:52:12)
    at RetryOperation._fn (C:\Users\yahikou\AppData\Roaming\npm\node_modules\firebase-tools\lib\apiv2.js:312:77)
    at process.processTicksAndRejections (node:internal/process/task_queues:95:5)
[error] 
[error] Error: Failed to create project. See firebase-debug.log for more info.
[debug] [2024-12-29T17:16:06.551Z] ----------------------------------------------------------------------
[debug] [2024-12-29T17:16:06.559Z] Command:       C:\Program Files\nodejs\node.exe C:\Users\yahikou\AppData\Roaming\npm\node_modules\firebase-tools\lib\bin\firebase.js init
[debug] [2024-12-29T17:16:06.561Z] CLI Version:   13.29.1
[debug] [2024-12-29T17:16:06.561Z] Platform:      win32
[debug] [2024-12-29T17:16:06.562Z] Node Version:  v22.6.0
[debug] [2024-12-29T17:16:06.563Z] Time:          Sun Dec 29 2024 18:16:06 GMT+0100 (heure normale d’Europe centrale)
[debug] [2024-12-29T17:16:06.563Z] ----------------------------------------------------------------------
[debug] 
[debug] [2024-12-29T17:16:06.628Z] > command requires scopes: ["email","openid","https://www.googleapis.com/auth/cloudplatformprojects.readonly","https://www.googleapis.com/auth/firebase","https://www.googleapis.com/auth/cloud-platform"]
[debug] [2024-12-29T17:16:06.630Z] > authorizing via signed-in user (moetasim44@gmail.com)
[info] 
     ######## #### ########  ######## ########     ###     ######  ########
     ##        ##  ##     ## ##       ##     ##  ##   ##  ##       ##
     ######    ##  ########  ######   ########  #########  ######  ######
     ##        ##  ##    ##  ##       ##     ## ##     ##       ## ##
     ##       #### ##     ## ######## ########  ##     ##  ######  ########

You're about to initialize a Firebase project in this directory:

  C:\Users\yahikou\Desktop\Nouveau dossier (15)

[info] 
=== Project Setup
[info] 
[info] First, let's associate this project directory with a Firebase project.
[info] You can create multiple project aliases by running firebase use --add, 
[info] but for now we'll just set up a default project.
[info] 
[info] i  If you want to create a project in a Google Cloud organization or folder, please use "firebase projects:create" instead, and return to this command when you've created the project. 
[debug] [2024-12-29T17:17:15.929Z] Checked if tokens are valid: true, expires at: 1735495721248
[debug] [2024-12-29T17:17:15.930Z] Checked if tokens are valid: true, expires at: 1735495721248
[debug] [2024-12-29T17:17:15.933Z] >>> [apiv2][query] POST https://cloudresourcemanager.googleapis.com/v1/projects [none]
[debug] [2024-12-29T17:17:15.934Z] >>> [apiv2][body] POST https://cloudresourcemanager.googleapis.com/v1/projects {"projectId":"latifboudihir","name":"boudihirlatif92"}
[debug] [2024-12-29T17:17:30.938Z] *** [apiv2] error from fetch(https://cloudresourcemanager.googleapis.com/v1/projects, {"headers":{},"method":"POST","signal":{},"body":"{\"projectId\":\"latifboudihir\",\"name\":\"boudihirlatif92\"}"}): AbortError: The user aborted a request.
[debug] [2024-12-29T17:17:30.955Z] FirebaseError: Timeout reached making request to https://cloudresourcemanager.googleapis.com/v1/projects
    at RetryOperation._fn (C:\Users\yahikou\AppData\Roaming\npm\node_modules\firebase-tools\lib\apiv2.js:257:35)
    at process.processTicksAndRejections (node:internal/process/task_queues:95:5)
[error] 
[error] Error: Failed to create project. See firebase-debug.log for more info.
